Compilación iniciada a las 03/07/2017 17:54:03.
     1>Proyecto "C:\Users\R\Documents\Ampliacion_Programacion_Avanzada\CUDA\Multiplicacion_matrices\Jewel_Legends_CPU\Jewel_Legends_CPU\Jewel_Legends_CPU.vcxproj" en el nodo 2 (build destinos).
     1>InitializeBuildStatus:
         Se creará "Debug\Jewel_Legends_CPU.unsuccessfulbuild" porque se especificó "AlwaysCreate".
       AddCudaCompileDeps:
         C:\Program Files (x86)\Microsoft Visual Studio 10.0\VC\bin\cl.exe /E /nologo /showIncludes /TP /D__CUDACC__ /D_MBCS /I"C:\Program Files\NVIDIA GPU Computing Toolkit\CUDA\v5.0\include" /I"C:\Program Files\NVIDIA GPU Computing Toolkit\CUDA\v5.0\bin" /I"C:\Program Files\NVIDIA GPU Computing Toolkit\CUDA\v5.0\include" /I. /FIcuda_runtime.h /c C:\Users\R\Documents\Ampliacion_Programacion_Avanzada\CUDA\Multiplicacion_matrices\Jewel_Legends_CPU\Jewel_Legends_CPU\kernel.cu 
       AddCudaCompilePropsDeps:
       Se omitirá el destino "AddCudaCompilePropsDeps" porque todos los archivos de salida están actualizados respecto a los archivos de entrada.
       CudaBuild:
         Compiling CUDA source file kernel.cu...
         cmd.exe /C "C:\Users\R\AppData\Local\Temp\tmpf6ecbc059e6b40d59cd54221abc786ba.cmd"
         "C:\Program Files\NVIDIA GPU Computing Toolkit\CUDA\v5.0\bin\nvcc.exe" -gencode=arch=compute_30,code=\"sm_30,compute_30\" -gencode=arch=compute_10,code=\"sm_10,compute_10\" --use-local-env --cl-version 2010 -ccbin "C:\Program Files (x86)\Microsoft Visual Studio 10.0\VC\bin"  -I"C:\Program Files\NVIDIA GPU Computing Toolkit\CUDA\v5.0\include" -I"C:\Program Files\NVIDIA GPU Computing Toolkit\CUDA\v5.0\include"  -G   --keep-dir "Debug" -maxrregcount=0  --machine 32 --compile  -g   -D_MBCS -Xcompiler "/EHsc /W3 /nologo /Od /Zi /RTC1 /MDd  " -o "Debug\kernel.cu.obj" "C:\Users\R\Documents\Ampliacion_Programacion_Avanzada\CUDA\Multiplicacion_matrices\Jewel_Legends_CPU\Jewel_Legends_CPU\kernel.cu"
         
         C:\Users\R\Documents\Ampliacion_Programacion_Avanzada\CUDA\Multiplicacion_matrices\Jewel_Legends_CPU\Jewel_Legends_CPU>"C:\Program Files\NVIDIA GPU Computing Toolkit\CUDA\v5.0\bin\nvcc.exe" -gencode=arch=compute_30,code=\"sm_30,compute_30\" -gencode=arch=compute_10,code=\"sm_10,compute_10\" --use-local-env --cl-version 2010 -ccbin "C:\Program Files (x86)\Microsoft Visual Studio 10.0\VC\bin"  -I"C:\Program Files\NVIDIA GPU Computing Toolkit\CUDA\v5.0\include" -I"C:\Program Files\NVIDIA GPU Computing Toolkit\CUDA\v5.0\include"  -G   --keep-dir "Debug" -maxrregcount=0  --machine 32 --compile  -g   -D_MBCS -Xcompiler "/EHsc /W3 /nologo /Od /Zi /RTC1 /MDd  " -o "Debug\kernel.cu.obj" "C:\Users\R\Documents\Ampliacion_Programacion_Avanzada\CUDA\Multiplicacion_matrices\Jewel_Legends_CPU\Jewel_Legends_CPU\kernel.cu" 
         kernel.cu
     1>c:\program files\nvidia gpu computing toolkit\cuda\v5.0\include\math_functions.h : warning C4819: El archivo contiene un caracter que no se puede representar en la pagina de codigos actual (932). Guarde el archivo con formato Unicode para evitar la perdida de datos
     1>c:\program files\nvidia gpu computing toolkit\cuda\v5.0\include\math_functions.h(876): warning C4819: El archivo contiene un caracter que no se puede representar en la pagina de codigos actual (932). Guarde el archivo con formato Unicode para evitar la perdida de datos
     1>c:\program files\nvidia gpu computing toolkit\cuda\v5.0\include\math_functions.h(1846): warning C4819: El archivo contiene un caracter que no se puede representar en la pagina de codigos actual (932). Guarde el archivo con formato Unicode para evitar la perdida de datos
     1>c:\program files\nvidia gpu computing toolkit\cuda\v5.0\include\math_functions.h(2750): warning C4819: El archivo contiene un caracter que no se puede representar en la pagina de codigos actual (932). Guarde el archivo con formato Unicode para evitar la perdida de datos
     1>c:\program files\nvidia gpu computing toolkit\cuda\v5.0\include\math_functions.h(3698): warning C4819: El archivo contiene un caracter que no se puede representar en la pagina de codigos actual (932). Guarde el archivo con formato Unicode para evitar la perdida de datos
     1>c:\program files\nvidia gpu computing toolkit\cuda\v5.0\include\math_functions.h(4608): warning C4819: El archivo contiene un caracter que no se puede representar en la pagina de codigos actual (932). Guarde el archivo con formato Unicode para evitar la perdida de datos
     1>c:\program files\nvidia gpu computing toolkit\cuda\v5.0\include\math_functions.h(5503): warning C4819: El archivo contiene un caracter que no se puede representar en la pagina de codigos actual (932). Guarde el archivo con formato Unicode para evitar la perdida de datos
     1>c:\program files\nvidia gpu computing toolkit\cuda\v5.0\include\math_functions.h(6405): warning C4819: El archivo contiene un caracter que no se puede representar en la pagina de codigos actual (932). Guarde el archivo con formato Unicode para evitar la perdida de datos
     1>c:\program files\nvidia gpu computing toolkit\cuda\v5.0\include\math_functions.h(7317): warning C4819: El archivo contiene un caracter que no se puede representar en la pagina de codigos actual (932). Guarde el archivo con formato Unicode para evitar la perdida de datos
     1>c:\program files\nvidia gpu computing toolkit\cuda\v5.0\include\device_functions.h : warning C4819: El archivo contiene un caracter que no se puede representar en la pagina de codigos actual (932). Guarde el archivo con formato Unicode para evitar la perdida de datos
     1>c:\program files\nvidia gpu computing toolkit\cuda\v5.0\include\device_functions.h(783): warning C4819: El archivo contiene un caracter que no se puede representar en la pagina de codigos actual (932). Guarde el archivo con formato Unicode para evitar la perdida de datos
     1>c:\program files\nvidia gpu computing toolkit\cuda\v5.0\include\device_functions.h(1662): warning C4819: El archivo contiene un caracter que no se puede representar en la pagina de codigos actual (932). Guarde el archivo con formato Unicode para evitar la perdida de datos
     1>c:\program files\nvidia gpu computing toolkit\cuda\v5.0\include\sm_13_double_functions.h : warning C4819: El archivo contiene un caracter que no se puede representar en la pagina de codigos actual (932). Guarde el archivo con formato Unicode para evitar la perdida de datos
     1>C:/Users/R/Documents/Ampliacion_Programacion_Avanzada/CUDA/Multiplicacion_matrices/Jewel_Legends_CPU/Jewel_Legends_CPU/kernel.cu(136): warning : variable "value" was declared but never referenced
         
     1>C:/Users/R/Documents/Ampliacion_Programacion_Avanzada/CUDA/Multiplicacion_matrices/Jewel_Legends_CPU/Jewel_Legends_CPU/kernel.cu(631): warning : statement is unreachable
         
     1>C:/Users/R/Documents/Ampliacion_Programacion_Avanzada/CUDA/Multiplicacion_matrices/Jewel_Legends_CPU/Jewel_Legends_CPU/kernel.cu(562): warning : variable "autoPlay" was declared but never referenced
         
     1>C:/Users/R/Documents/Ampliacion_Programacion_Avanzada/CUDA/Multiplicacion_matrices/Jewel_Legends_CPU/Jewel_Legends_CPU/kernel.cu(565): warning : variable "found" was declared but never referenced
         
         kernel.cu
     1>c:\program files\nvidia gpu computing toolkit\cuda\v5.0\include\math_functions.h : warning C4819: El archivo contiene un caracter que no se puede representar en la pagina de codigos actual (932). Guarde el archivo con formato Unicode para evitar la perdida de datos
     1>c:\program files\nvidia gpu computing toolkit\cuda\v5.0\include\math_functions.h(876): warning C4819: El archivo contiene un caracter que no se puede representar en la pagina de codigos actual (932). Guarde el archivo con formato Unicode para evitar la perdida de datos
     1>c:\program files\nvidia gpu computing toolkit\cuda\v5.0\include\math_functions.h(1846): warning C4819: El archivo contiene un caracter que no se puede representar en la pagina de codigos actual (932). Guarde el archivo con formato Unicode para evitar la perdida de datos
     1>c:\program files\nvidia gpu computing toolkit\cuda\v5.0\include\math_functions.h(2750): warning C4819: El archivo contiene un caracter que no se puede representar en la pagina de codigos actual (932). Guarde el archivo con formato Unicode para evitar la perdida de datos
     1>c:\program files\nvidia gpu computing toolkit\cuda\v5.0\include\math_functions.h(3698): warning C4819: El archivo contiene un caracter que no se puede representar en la pagina de codigos actual (932). Guarde el archivo con formato Unicode para evitar la perdida de datos
     1>c:\program files\nvidia gpu computing toolkit\cuda\v5.0\include\math_functions.h(4608): warning C4819: El archivo contiene un caracter que no se puede representar en la pagina de codigos actual (932). Guarde el archivo con formato Unicode para evitar la perdida de datos
     1>c:\program files\nvidia gpu computing toolkit\cuda\v5.0\include\math_functions.h(5503): warning C4819: El archivo contiene un caracter que no se puede representar en la pagina de codigos actual (932). Guarde el archivo con formato Unicode para evitar la perdida de datos
     1>c:\program files\nvidia gpu computing toolkit\cuda\v5.0\include\math_functions.h(6405): warning C4819: El archivo contiene un caracter que no se puede representar en la pagina de codigos actual (932). Guarde el archivo con formato Unicode para evitar la perdida de datos
     1>c:\program files\nvidia gpu computing toolkit\cuda\v5.0\include\math_functions.h(7317): warning C4819: El archivo contiene un caracter que no se puede representar en la pagina de codigos actual (932). Guarde el archivo con formato Unicode para evitar la perdida de datos
     1>c:\program files\nvidia gpu computing toolkit\cuda\v5.0\include\device_functions.h : warning C4819: El archivo contiene un caracter que no se puede representar en la pagina de codigos actual (932). Guarde el archivo con formato Unicode para evitar la perdida de datos
     1>c:\program files\nvidia gpu computing toolkit\cuda\v5.0\include\device_functions.h(783): warning C4819: El archivo contiene un caracter que no se puede representar en la pagina de codigos actual (932). Guarde el archivo con formato Unicode para evitar la perdida de datos
     1>c:\program files\nvidia gpu computing toolkit\cuda\v5.0\include\device_functions.h(1662): warning C4819: El archivo contiene un caracter que no se puede representar en la pagina de codigos actual (932). Guarde el archivo con formato Unicode para evitar la perdida de datos
     1>c:\program files\nvidia gpu computing toolkit\cuda\v5.0\include\sm_13_double_functions.h : warning C4819: El archivo contiene un caracter que no se puede representar en la pagina de codigos actual (932). Guarde el archivo con formato Unicode para evitar la perdida de datos
     1>C:/Users/R/Documents/Ampliacion_Programacion_Avanzada/CUDA/Multiplicacion_matrices/Jewel_Legends_CPU/Jewel_Legends_CPU/kernel.cu(136): warning : variable "value" was declared but never referenced
         
     1>C:/Users/R/Documents/Ampliacion_Programacion_Avanzada/CUDA/Multiplicacion_matrices/Jewel_Legends_CPU/Jewel_Legends_CPU/kernel.cu(631): warning : statement is unreachable
         
     1>C:/Users/R/Documents/Ampliacion_Programacion_Avanzada/CUDA/Multiplicacion_matrices/Jewel_Legends_CPU/Jewel_Legends_CPU/kernel.cu(562): warning : variable "autoPlay" was declared but never referenced
         
     1>C:/Users/R/Documents/Ampliacion_Programacion_Avanzada/CUDA/Multiplicacion_matrices/Jewel_Legends_CPU/Jewel_Legends_CPU/kernel.cu(565): warning : variable "found" was declared but never referenced
         
         tmpxft_00002538_00000000-5_kernel.compute_30.cudafe1.gpu
     1>c:\program files\nvidia gpu computing toolkit\cuda\v5.0\include\math_functions.h : warning C4819: El archivo contiene un caracter que no se puede representar en la pagina de codigos actual (932). Guarde el archivo con formato Unicode para evitar la perdida de datos
     1>c:\program files\nvidia gpu computing toolkit\cuda\v5.0\include\math_functions.h(876): warning C4819: El archivo contiene un caracter que no se puede representar en la pagina de codigos actual (932). Guarde el archivo con formato Unicode para evitar la perdida de datos
     1>c:\program files\nvidia gpu computing toolkit\cuda\v5.0\include\math_functions.h(1846): warning C4819: El archivo contiene un caracter que no se puede representar en la pagina de codigos actual (932). Guarde el archivo con formato Unicode para evitar la perdida de datos
     1>c:\program files\nvidia gpu computing toolkit\cuda\v5.0\include\math_functions.h(2750): warning C4819: El archivo contiene un caracter que no se puede representar en la pagina de codigos actual (932). Guarde el archivo con formato Unicode para evitar la perdida de datos
     1>c:\program files\nvidia gpu computing toolkit\cuda\v5.0\include\math_functions.h(3698): warning C4819: El archivo contiene un caracter que no se puede representar en la pagina de codigos actual (932). Guarde el archivo con formato Unicode para evitar la perdida de datos
     1>c:\program files\nvidia gpu computing toolkit\cuda\v5.0\include\math_functions.h(4608): warning C4819: El archivo contiene un caracter que no se puede representar en la pagina de codigos actual (932). Guarde el archivo con formato Unicode para evitar la perdida de datos
     1>c:\program files\nvidia gpu computing toolkit\cuda\v5.0\include\math_functions.h(5503): warning C4819: El archivo contiene un caracter que no se puede representar en la pagina de codigos actual (932). Guarde el archivo con formato Unicode para evitar la perdida de datos
     1>c:\program files\nvidia gpu computing toolkit\cuda\v5.0\include\math_functions.h(6405): warning C4819: El archivo contiene un caracter que no se puede representar en la pagina de codigos actual (932). Guarde el archivo con formato Unicode para evitar la perdida de datos
     1>c:\program files\nvidia gpu computing toolkit\cuda\v5.0\include\math_functions.h(7317): warning C4819: El archivo contiene un caracter que no se puede representar en la pagina de codigos actual (932). Guarde el archivo con formato Unicode para evitar la perdida de datos
         tmpxft_00002538_00000000-11_kernel.compute_30.cudafe2.gpu
     1>c:\program files\nvidia gpu computing toolkit\cuda\v5.0\include\math_functions.h : warning C4819: El archivo contiene un caracter que no se puede representar en la pagina de codigos actual (932). Guarde el archivo con formato Unicode para evitar la perdida de datos
     1>c:\program files\nvidia gpu computing toolkit\cuda\v5.0\include\math_functions.h(876): warning C4819: El archivo contiene un caracter que no se puede representar en la pagina de codigos actual (932). Guarde el archivo con formato Unicode para evitar la perdida de datos
     1>c:\program files\nvidia gpu computing toolkit\cuda\v5.0\include\math_functions.h(1846): warning C4819: El archivo contiene un caracter que no se puede representar en la pagina de codigos actual (932). Guarde el archivo con formato Unicode para evitar la perdida de datos
     1>c:\program files\nvidia gpu computing toolkit\cuda\v5.0\include\math_functions.h(2750): warning C4819: El archivo contiene un caracter que no se puede representar en la pagina de codigos actual (932). Guarde el archivo con formato Unicode para evitar la perdida de datos
     1>c:\program files\nvidia gpu computing toolkit\cuda\v5.0\include\math_functions.h(3698): warning C4819: El archivo contiene un caracter que no se puede representar en la pagina de codigos actual (932). Guarde el archivo con formato Unicode para evitar la perdida de datos
     1>c:\program files\nvidia gpu computing toolkit\cuda\v5.0\include\math_functions.h(4608): warning C4819: El archivo contiene un caracter que no se puede representar en la pagina de codigos actual (932). Guarde el archivo con formato Unicode para evitar la perdida de datos
     1>c:\program files\nvidia gpu computing toolkit\cuda\v5.0\include\math_functions.h(5503): warning C4819: El archivo contiene un caracter que no se puede representar en la pagina de codigos actual (932). Guarde el archivo con formato Unicode para evitar la perdida de datos
     1>c:\program files\nvidia gpu computing toolkit\cuda\v5.0\include\math_functions.h(6405): warning C4819: El archivo contiene un caracter que no se puede representar en la pagina de codigos actual (932). Guarde el archivo con formato Unicode para evitar la perdida de datos
     1>c:\program files\nvidia gpu computing toolkit\cuda\v5.0\include\math_functions.h(7317): warning C4819: El archivo contiene un caracter que no se puede representar en la pagina de codigos actual (932). Guarde el archivo con formato Unicode para evitar la perdida de datos
     1>c:\program files\nvidia gpu computing toolkit\cuda\v5.0\include\device_functions.h : warning C4819: El archivo contiene un caracter que no se puede representar en la pagina de codigos actual (932). Guarde el archivo con formato Unicode para evitar la perdida de datos
     1>c:\program files\nvidia gpu computing toolkit\cuda\v5.0\include\device_functions.h(783): warning C4819: El archivo contiene un caracter que no se puede representar en la pagina de codigos actual (932). Guarde el archivo con formato Unicode para evitar la perdida de datos
     1>c:\program files\nvidia gpu computing toolkit\cuda\v5.0\include\device_functions.h(1662): warning C4819: El archivo contiene un caracter que no se puede representar en la pagina de codigos actual (932). Guarde el archivo con formato Unicode para evitar la perdida de datos
     1>c:\program files\nvidia gpu computing toolkit\cuda\v5.0\include\sm_13_double_functions.h : warning C4819: El archivo contiene un caracter que no se puede representar en la pagina de codigos actual (932). Guarde el archivo con formato Unicode para evitar la perdida de datos
         tmpxft_00002538_00000000-2_kernel.compute_10.cudafe1.gpu
     1>c:\program files\nvidia gpu computing toolkit\cuda\v5.0\include\math_functions.h : warning C4819: El archivo contiene un caracter que no se puede representar en la pagina de codigos actual (932). Guarde el archivo con formato Unicode para evitar la perdida de datos
     1>c:\program files\nvidia gpu computing toolkit\cuda\v5.0\include\math_functions.h(876): warning C4819: El archivo contiene un caracter que no se puede representar en la pagina de codigos actual (932). Guarde el archivo con formato Unicode para evitar la perdida de datos
     1>c:\program files\nvidia gpu computing toolkit\cuda\v5.0\include\math_functions.h(1846): warning C4819: El archivo contiene un caracter que no se puede representar en la pagina de codigos actual (932). Guarde el archivo con formato Unicode para evitar la perdida de datos
     1>c:\program files\nvidia gpu computing toolkit\cuda\v5.0\include\math_functions.h(2750): warning C4819: El archivo contiene un caracter que no se puede representar en la pagina de codigos actual (932). Guarde el archivo con formato Unicode para evitar la perdida de datos
     1>c:\program files\nvidia gpu computing toolkit\cuda\v5.0\include\math_functions.h(3698): warning C4819: El archivo contiene un caracter que no se puede representar en la pagina de codigos actual (932). Guarde el archivo con formato Unicode para evitar la perdida de datos
     1>c:\program files\nvidia gpu computing toolkit\cuda\v5.0\include\math_functions.h(4608): warning C4819: El archivo contiene un caracter que no se puede representar en la pagina de codigos actual (932). Guarde el archivo con formato Unicode para evitar la perdida de datos
     1>c:\program files\nvidia gpu computing toolkit\cuda\v5.0\include\math_functions.h(5503): warning C4819: El archivo contiene un caracter que no se puede representar en la pagina de codigos actual (932). Guarde el archivo con formato Unicode para evitar la perdida de datos
     1>c:\program files\nvidia gpu computing toolkit\cuda\v5.0\include\math_functions.h(6405): warning C4819: El archivo contiene un caracter que no se puede representar en la pagina de codigos actual (932). Guarde el archivo con formato Unicode para evitar la perdida de datos
     1>c:\program files\nvidia gpu computing toolkit\cuda\v5.0\include\math_functions.h(7317): warning C4819: El archivo contiene un caracter que no se puede representar en la pagina de codigos actual (932). Guarde el archivo con formato Unicode para evitar la perdida de datos
         tmpxft_00002538_00000000-14_kernel.compute_10.cudafe2.gpu
     1>c:\program files\nvidia gpu computing toolkit\cuda\v5.0\include\math_functions.h : warning C4819: El archivo contiene un caracter que no se puede representar en la pagina de codigos actual (932). Guarde el archivo con formato Unicode para evitar la perdida de datos
     1>c:\program files\nvidia gpu computing toolkit\cuda\v5.0\include\math_functions.h(876): warning C4819: El archivo contiene un caracter que no se puede representar en la pagina de codigos actual (932). Guarde el archivo con formato Unicode para evitar la perdida de datos
     1>c:\program files\nvidia gpu computing toolkit\cuda\v5.0\include\math_functions.h(1846): warning C4819: El archivo contiene un caracter que no se puede representar en la pagina de codigos actual (932). Guarde el archivo con formato Unicode para evitar la perdida de datos
     1>c:\program files\nvidia gpu computing toolkit\cuda\v5.0\include\math_functions.h(2750): warning C4819: El archivo contiene un caracter que no se puede representar en la pagina de codigos actual (932). Guarde el archivo con formato Unicode para evitar la perdida de datos
     1>c:\program files\nvidia gpu computing toolkit\cuda\v5.0\include\math_functions.h(3698): warning C4819: El archivo contiene un caracter que no se puede representar en la pagina de codigos actual (932). Guarde el archivo con formato Unicode para evitar la perdida de datos
     1>c:\program files\nvidia gpu computing toolkit\cuda\v5.0\include\math_functions.h(4608): warning C4819: El archivo contiene un caracter que no se puede representar en la pagina de codigos actual (932). Guarde el archivo con formato Unicode para evitar la perdida de datos
     1>c:\program files\nvidia gpu computing toolkit\cuda\v5.0\include\math_functions.h(5503): warning C4819: El archivo contiene un caracter que no se puede representar en la pagina de codigos actual (932). Guarde el archivo con formato Unicode para evitar la perdida de datos
     1>c:\program files\nvidia gpu computing toolkit\cuda\v5.0\include\math_functions.h(6405): warning C4819: El archivo contiene un caracter que no se puede representar en la pagina de codigos actual (932). Guarde el archivo con formato Unicode para evitar la perdida de datos
     1>c:\program files\nvidia gpu computing toolkit\cuda\v5.0\include\math_functions.h(7317): warning C4819: El archivo contiene un caracter que no se puede representar en la pagina de codigos actual (932). Guarde el archivo con formato Unicode para evitar la perdida de datos
     1>c:\program files\nvidia gpu computing toolkit\cuda\v5.0\include\device_functions.h : warning C4819: El archivo contiene un caracter que no se puede representar en la pagina de codigos actual (932). Guarde el archivo con formato Unicode para evitar la perdida de datos
     1>c:\program files\nvidia gpu computing toolkit\cuda\v5.0\include\device_functions.h(783): warning C4819: El archivo contiene un caracter que no se puede representar en la pagina de codigos actual (932). Guarde el archivo con formato Unicode para evitar la perdida de datos
     1>c:\program files\nvidia gpu computing toolkit\cuda\v5.0\include\device_functions.h(1662): warning C4819: El archivo contiene un caracter que no se puede representar en la pagina de codigos actual (932). Guarde el archivo con formato Unicode para evitar la perdida de datos
     1>c:\program files\nvidia gpu computing toolkit\cuda\v5.0\include\sm_13_double_functions.h : warning C4819: El archivo contiene un caracter que no se puede representar en la pagina de codigos actual (932). Guarde el archivo con formato Unicode para evitar la perdida de datos
         kernel.cu
     1>c:\program files\nvidia gpu computing toolkit\cuda\v5.0\include\math_functions.h : warning C4819: El archivo contiene un caracter que no se puede representar en la pagina de codigos actual (932). Guarde el archivo con formato Unicode para evitar la perdida de datos
     1>c:\program files\nvidia gpu computing toolkit\cuda\v5.0\include\math_functions.h(876): warning C4819: El archivo contiene un caracter que no se puede representar en la pagina de codigos actual (932). Guarde el archivo con formato Unicode para evitar la perdida de datos
     1>c:\program files\nvidia gpu computing toolkit\cuda\v5.0\include\math_functions.h(1846): warning C4819: El archivo contiene un caracter que no se puede representar en la pagina de codigos actual (932). Guarde el archivo con formato Unicode para evitar la perdida de datos
     1>c:\program files\nvidia gpu computing toolkit\cuda\v5.0\include\math_functions.h(2750): warning C4819: El archivo contiene un caracter que no se puede representar en la pagina de codigos actual (932). Guarde el archivo con formato Unicode para evitar la perdida de datos
     1>c:\program files\nvidia gpu computing toolkit\cuda\v5.0\include\math_functions.h(3698): warning C4819: El archivo contiene un caracter que no se puede representar en la pagina de codigos actual (932). Guarde el archivo con formato Unicode para evitar la perdida de datos
     1>c:\program files\nvidia gpu computing toolkit\cuda\v5.0\include\math_functions.h(4608): warning C4819: El archivo contiene un caracter que no se puede representar en la pagina de codigos actual (932). Guarde el archivo con formato Unicode para evitar la perdida de datos
     1>c:\program files\nvidia gpu computing toolkit\cuda\v5.0\include\math_functions.h(5503): warning C4819: El archivo contiene un caracter que no se puede representar en la pagina de codigos actual (932). Guarde el archivo con formato Unicode para evitar la perdida de datos
     1>c:\program files\nvidia gpu computing toolkit\cuda\v5.0\include\math_functions.h(6405): warning C4819: El archivo contiene un caracter que no se puede representar en la pagina de codigos actual (932). Guarde el archivo con formato Unicode para evitar la perdida de datos
     1>c:\program files\nvidia gpu computing toolkit\cuda\v5.0\include\math_functions.h(7317): warning C4819: El archivo contiene un caracter que no se puede representar en la pagina de codigos actual (932). Guarde el archivo con formato Unicode para evitar la perdida de datos
     1>c:\program files\nvidia gpu computing toolkit\cuda\v5.0\include\device_functions.h : warning C4819: El archivo contiene un caracter que no se puede representar en la pagina de codigos actual (932). Guarde el archivo con formato Unicode para evitar la perdida de datos
     1>c:\program files\nvidia gpu computing toolkit\cuda\v5.0\include\device_functions.h(783): warning C4819: El archivo contiene un caracter que no se puede representar en la pagina de codigos actual (932). Guarde el archivo con formato Unicode para evitar la perdida de datos
     1>c:\program files\nvidia gpu computing toolkit\cuda\v5.0\include\device_functions.h(1662): warning C4819: El archivo contiene un caracter que no se puede representar en la pagina de codigos actual (932). Guarde el archivo con formato Unicode para evitar la perdida de datos
     1>c:\program files\nvidia gpu computing toolkit\cuda\v5.0\include\sm_13_double_functions.h : warning C4819: El archivo contiene un caracter que no se puede representar en la pagina de codigos actual (932). Guarde el archivo con formato Unicode para evitar la perdida de datos
     1>C:/Users/R/Documents/Ampliacion_Programacion_Avanzada/CUDA/Multiplicacion_matrices/Jewel_Legends_CPU/Jewel_Legends_CPU/kernel.cu(136): warning : variable "value" was declared but never referenced
         
     1>C:/Users/R/Documents/Ampliacion_Programacion_Avanzada/CUDA/Multiplicacion_matrices/Jewel_Legends_CPU/Jewel_Legends_CPU/kernel.cu(631): warning : statement is unreachable
         
     1>C:/Users/R/Documents/Ampliacion_Programacion_Avanzada/CUDA/Multiplicacion_matrices/Jewel_Legends_CPU/Jewel_Legends_CPU/kernel.cu(562): warning : variable "autoPlay" was declared but never referenced
         
     1>C:/Users/R/Documents/Ampliacion_Programacion_Avanzada/CUDA/Multiplicacion_matrices/Jewel_Legends_CPU/Jewel_Legends_CPU/kernel.cu(565): warning : variable "found" was declared but never referenced
         
         kernel.cu
     1>c:\program files\nvidia gpu computing toolkit\cuda\v5.0\include\math_functions.h : warning C4819: El archivo contiene un caracter que no se puede representar en la pagina de codigos actual (932). Guarde el archivo con formato Unicode para evitar la perdida de datos
     1>c:\program files\nvidia gpu computing toolkit\cuda\v5.0\include\math_functions.h(876): warning C4819: El archivo contiene un caracter que no se puede representar en la pagina de codigos actual (932). Guarde el archivo con formato Unicode para evitar la perdida de datos
     1>c:\program files\nvidia gpu computing toolkit\cuda\v5.0\include\math_functions.h(1846): warning C4819: El archivo contiene un caracter que no se puede representar en la pagina de codigos actual (932). Guarde el archivo con formato Unicode para evitar la perdida de datos
     1>c:\program files\nvidia gpu computing toolkit\cuda\v5.0\include\math_functions.h(2750): warning C4819: El archivo contiene un caracter que no se puede representar en la pagina de codigos actual (932). Guarde el archivo con formato Unicode para evitar la perdida de datos
     1>c:\program files\nvidia gpu computing toolkit\cuda\v5.0\include\math_functions.h(3698): warning C4819: El archivo contiene un caracter que no se puede representar en la pagina de codigos actual (932). Guarde el archivo con formato Unicode para evitar la perdida de datos
     1>c:\program files\nvidia gpu computing toolkit\cuda\v5.0\include\math_functions.h(4608): warning C4819: El archivo contiene un caracter que no se puede representar en la pagina de codigos actual (932). Guarde el archivo con formato Unicode para evitar la perdida de datos
     1>c:\program files\nvidia gpu computing toolkit\cuda\v5.0\include\math_functions.h(5503): warning C4819: El archivo contiene un caracter que no se puede representar en la pagina de codigos actual (932). Guarde el archivo con formato Unicode para evitar la perdida de datos
     1>c:\program files\nvidia gpu computing toolkit\cuda\v5.0\include\math_functions.h(6405): warning C4819: El archivo contiene un caracter que no se puede representar en la pagina de codigos actual (932). Guarde el archivo con formato Unicode para evitar la perdida de datos
     1>c:\program files\nvidia gpu computing toolkit\cuda\v5.0\include\math_functions.h(7317): warning C4819: El archivo contiene un caracter que no se puede representar en la pagina de codigos actual (932). Guarde el archivo con formato Unicode para evitar la perdida de datos
     1>c:\program files\nvidia gpu computing toolkit\cuda\v5.0\include\device_functions.h : warning C4819: El archivo contiene un caracter que no se puede representar en la pagina de codigos actual (932). Guarde el archivo con formato Unicode para evitar la perdida de datos
     1>c:\program files\nvidia gpu computing toolkit\cuda\v5.0\include\device_functions.h(783): warning C4819: El archivo contiene un caracter que no se puede representar en la pagina de codigos actual (932). Guarde el archivo con formato Unicode para evitar la perdida de datos
     1>c:\program files\nvidia gpu computing toolkit\cuda\v5.0\include\device_functions.h(1662): warning C4819: El archivo contiene un caracter que no se puede representar en la pagina de codigos actual (932). Guarde el archivo con formato Unicode para evitar la perdida de datos
     1>c:\program files\nvidia gpu computing toolkit\cuda\v5.0\include\sm_13_double_functions.h : warning C4819: El archivo contiene un caracter que no se puede representar en la pagina de codigos actual (932). Guarde el archivo con formato Unicode para evitar la perdida de datos
     1>C:/Users/R/Documents/Ampliacion_Programacion_Avanzada/CUDA/Multiplicacion_matrices/Jewel_Legends_CPU/Jewel_Legends_CPU/kernel.cu(136): warning : variable "value" was declared but never referenced
         
     1>C:/Users/R/Documents/Ampliacion_Programacion_Avanzada/CUDA/Multiplicacion_matrices/Jewel_Legends_CPU/Jewel_Legends_CPU/kernel.cu(631): warning : statement is unreachable
         
     1>C:/Users/R/Documents/Ampliacion_Programacion_Avanzada/CUDA/Multiplicacion_matrices/Jewel_Legends_CPU/Jewel_Legends_CPU/kernel.cu(562): warning : variable "autoPlay" was declared but never referenced
         
     1>C:/Users/R/Documents/Ampliacion_Programacion_Avanzada/CUDA/Multiplicacion_matrices/Jewel_Legends_CPU/Jewel_Legends_CPU/kernel.cu(565): warning : variable "found" was declared but never referenced
         
         tmpxft_00002538_00000000-5_kernel.compute_30.cudafe1.cpp
     1>c:\program files\nvidia gpu computing toolkit\cuda\v5.0\include\math_functions.h : warning C4819: El archivo contiene un caracter que no se puede representar en la pagina de codigos actual (932). Guarde el archivo con formato Unicode para evitar la perdida de datos
     1>c:\program files\nvidia gpu computing toolkit\cuda\v5.0\include\math_functions.h(876): warning C4819: El archivo contiene un caracter que no se puede representar en la pagina de codigos actual (932). Guarde el archivo con formato Unicode para evitar la perdida de datos
     1>c:\program files\nvidia gpu computing toolkit\cuda\v5.0\include\math_functions.h(1846): warning C4819: El archivo contiene un caracter que no se puede representar en la pagina de codigos actual (932). Guarde el archivo con formato Unicode para evitar la perdida de datos
     1>c:\program files\nvidia gpu computing toolkit\cuda\v5.0\include\math_functions.h(2750): warning C4819: El archivo contiene un caracter que no se puede representar en la pagina de codigos actual (932). Guarde el archivo con formato Unicode para evitar la perdida de datos
     1>c:\program files\nvidia gpu computing toolkit\cuda\v5.0\include\math_functions.h(3698): warning C4819: El archivo contiene un caracter que no se puede representar en la pagina de codigos actual (932). Guarde el archivo con formato Unicode para evitar la perdida de datos
     1>c:\program files\nvidia gpu computing toolkit\cuda\v5.0\include\math_functions.h(4608): warning C4819: El archivo contiene un caracter que no se puede representar en la pagina de codigos actual (932). Guarde el archivo con formato Unicode para evitar la perdida de datos
     1>c:\program files\nvidia gpu computing toolkit\cuda\v5.0\include\math_functions.h(5503): warning C4819: El archivo contiene un caracter que no se puede representar en la pagina de codigos actual (932). Guarde el archivo con formato Unicode para evitar la perdida de datos
     1>c:\program files\nvidia gpu computing toolkit\cuda\v5.0\include\math_functions.h(6405): warning C4819: El archivo contiene un caracter que no se puede representar en la pagina de codigos actual (932). Guarde el archivo con formato Unicode para evitar la perdida de datos
     1>c:\program files\nvidia gpu computing toolkit\cuda\v5.0\include\math_functions.h(7317): warning C4819: El archivo contiene un caracter que no se puede representar en la pagina de codigos actual (932). Guarde el archivo con formato Unicode para evitar la perdida de datos
         tmpxft_00002538_00000000-21_kernel.compute_30.ii
     1>C:/Users/R/Documents/Ampliacion_Programacion_Avanzada/CUDA/Multiplicacion_matrices/Jewel_Legends_CPU/Jewel_Legends_CPU/kernel.cu(13): warning C4244: 'argumento' : conversion de 'time_t' a 'unsigned int'; posible perdida de datos
     1>C:/Users/R/Documents/Ampliacion_Programacion_Avanzada/CUDA/Multiplicacion_matrices/Jewel_Legends_CPU/Jewel_Legends_CPU/kernel.cu(32): warning C4244: 'argumento' : conversion de 'time_t' a 'unsigned int'; posible perdida de datos
     1>C:/Users/R/Documents/Ampliacion_Programacion_Avanzada/CUDA/Multiplicacion_matrices/Jewel_Legends_CPU/Jewel_Legends_CPU/kernel.cu(37): warning C4244: '=' : conversion de 'int' a 'float'; posible perdida de datos
     1>C:/Users/R/Documents/Ampliacion_Programacion_Avanzada/CUDA/Multiplicacion_matrices/Jewel_Legends_CPU/Jewel_Legends_CPU/kernel.cu(42): warning C4244: '=' : conversion de 'int' a 'float'; posible perdida de datos
     1>C:/Users/R/Documents/Ampliacion_Programacion_Avanzada/CUDA/Multiplicacion_matrices/Jewel_Legends_CPU/Jewel_Legends_CPU/kernel.cu(47): warning C4244: '=' : conversion de 'int' a 'float'; posible perdida de datos
     1>C:/Users/R/Documents/Ampliacion_Programacion_Avanzada/CUDA/Multiplicacion_matrices/Jewel_Legends_CPU/Jewel_Legends_CPU/kernel.cu(86): warning C4244: 'argumento' : conversion de 'time_t' a 'unsigned int'; posible perdida de datos
     1>C:/Users/R/Documents/Ampliacion_Programacion_Avanzada/CUDA/Multiplicacion_matrices/Jewel_Legends_CPU/Jewel_Legends_CPU/kernel.cu(89): warning C4244: 'inicializando' : conversion de 'float' a 'int'; posible perdida de datos
     1>C:/Users/R/Documents/Ampliacion_Programacion_Avanzada/CUDA/Multiplicacion_matrices/Jewel_Legends_CPU/Jewel_Legends_CPU/kernel.cu(91): warning C4244: 'inicializando' : conversion de 'float' a 'int'; posible perdida de datos
     1>C:/Users/R/Documents/Ampliacion_Programacion_Avanzada/CUDA/Multiplicacion_matrices/Jewel_Legends_CPU/Jewel_Legends_CPU/kernel.cu(98): warning C4244: '=' : conversion de 'int' a 'float'; posible perdida de datos
     1>C:/Users/R/Documents/Ampliacion_Programacion_Avanzada/CUDA/Multiplicacion_matrices/Jewel_Legends_CPU/Jewel_Legends_CPU/kernel.cu(103): warning C4244: '=' : conversion de 'int' a 'float'; posible perdida de datos
     1>C:/Users/R/Documents/Ampliacion_Programacion_Avanzada/CUDA/Multiplicacion_matrices/Jewel_Legends_CPU/Jewel_Legends_CPU/kernel.cu(108): warning C4244: '=' : conversion de 'int' a 'float'; posible perdida de datos
     1>C:/Users/R/Documents/Ampliacion_Programacion_Avanzada/CUDA/Multiplicacion_matrices/Jewel_Legends_CPU/Jewel_Legends_CPU/kernel.cu(117): warning C4244: '=' : conversion de 'int' a 'float'; posible perdida de datos
     1>C:/Users/R/Documents/Ampliacion_Programacion_Avanzada/CUDA/Multiplicacion_matrices/Jewel_Legends_CPU/Jewel_Legends_CPU/kernel.cu(122): warning C4244: '=' : conversion de 'int' a 'float'; posible perdida de datos
     1>C:/Users/R/Documents/Ampliacion_Programacion_Avanzada/CUDA/Multiplicacion_matrices/Jewel_Legends_CPU/Jewel_Legends_CPU/kernel.cu(127): warning C4244: '=' : conversion de 'int' a 'float'; posible perdida de datos
     1>C:/Users/R/Documents/Ampliacion_Programacion_Avanzada/CUDA/Multiplicacion_matrices/Jewel_Legends_CPU/Jewel_Legends_CPU/kernel.cu(135): warning C4244: 'inicializando' : conversion de 'float' a 'int'; posible perdida de datos
     1>C:/Users/R/Documents/Ampliacion_Programacion_Avanzada/CUDA/Multiplicacion_matrices/Jewel_Legends_CPU/Jewel_Legends_CPU/kernel.cu(137): warning C4244: 'inicializando' : conversion de 'float' a 'int'; posible perdida de datos
     1>C:/Users/R/Documents/Ampliacion_Programacion_Avanzada/CUDA/Multiplicacion_matrices/Jewel_Legends_CPU/Jewel_Legends_CPU/kernel.cu(139): warning C4244: 'inicializando' : conversion de 'float' a 'int'; posible perdida de datos
     1>C:/Users/R/Documents/Ampliacion_Programacion_Avanzada/CUDA/Multiplicacion_matrices/Jewel_Legends_CPU/Jewel_Legends_CPU/kernel.cu(147): warning C4244: '=' : conversion de 'int' a 'float'; posible perdida de datos
     1>C:/Users/R/Documents/Ampliacion_Programacion_Avanzada/CUDA/Multiplicacion_matrices/Jewel_Legends_CPU/Jewel_Legends_CPU/kernel.cu(152): warning C4244: '=' : conversion de 'int' a 'float'; posible perdida de datos
     1>C:/Users/R/Documents/Ampliacion_Programacion_Avanzada/CUDA/Multiplicacion_matrices/Jewel_Legends_CPU/Jewel_Legends_CPU/kernel.cu(157): warning C4244: '=' : conversion de 'int' a 'float'; posible perdida de datos
     1>C:/Users/R/Documents/Ampliacion_Programacion_Avanzada/CUDA/Multiplicacion_matrices/Jewel_Legends_CPU/Jewel_Legends_CPU/kernel.cu(166): warning C4244: '=' : conversion de 'int' a 'float'; posible perdida de datos
     1>C:/Users/R/Documents/Ampliacion_Programacion_Avanzada/CUDA/Multiplicacion_matrices/Jewel_Legends_CPU/Jewel_Legends_CPU/kernel.cu(171): warning C4244: '=' : conversion de 'int' a 'float'; posible perdida de datos
     1>C:/Users/R/Documents/Ampliacion_Programacion_Avanzada/CUDA/Multiplicacion_matrices/Jewel_Legends_CPU/Jewel_Legends_CPU/kernel.cu(176): warning C4244: '=' : conversion de 'int' a 'float'; posible perdida de datos
     1>C:/Users/R/Documents/Ampliacion_Programacion_Avanzada/CUDA/Multiplicacion_matrices/Jewel_Legends_CPU/Jewel_Legends_CPU/kernel.cu(229): warning C4244: '=' : conversion de 'int' a 'float'; posible perdida de datos
     1>C:/Users/R/Documents/Ampliacion_Programacion_Avanzada/CUDA/Multiplicacion_matrices/Jewel_Legends_CPU/Jewel_Legends_CPU/kernel.cu(230): warning C4244: '=' : conversion de 'int' a 'float'; posible perdida de datos
     1>C:/Users/R/Documents/Ampliacion_Programacion_Avanzada/CUDA/Multiplicacion_matrices/Jewel_Legends_CPU/Jewel_Legends_CPU/kernel.cu(234): warning C4244: '=' : conversion de 'int' a 'float'; posible perdida de datos
     1>C:/Users/R/Documents/Ampliacion_Programacion_Avanzada/CUDA/Multiplicacion_matrices/Jewel_Legends_CPU/Jewel_Legends_CPU/kernel.cu(235): warning C4244: '=' : conversion de 'int' a 'float'; posible perdida de datos
     1>C:/Users/R/Documents/Ampliacion_Programacion_Avanzada/CUDA/Multiplicacion_matrices/Jewel_Legends_CPU/Jewel_Legends_CPU/kernel.cu(239): warning C4244: '=' : conversion de 'int' a 'float'; posible perdida de datos
     1>C:/Users/R/Documents/Ampliacion_Programacion_Avanzada/CUDA/Multiplicacion_matrices/Jewel_Legends_CPU/Jewel_Legends_CPU/kernel.cu(240): warning C4244: '=' : conversion de 'int' a 'float'; posible perdida de datos
     1>C:/Users/R/Documents/Ampliacion_Programacion_Avanzada/CUDA/Multiplicacion_matrices/Jewel_Legends_CPU/Jewel_Legends_CPU/kernel.cu(273): warning C4244: '=' : conversion de 'int' a 'float'; posible perdida de datos
     1>C:/Users/R/Documents/Ampliacion_Programacion_Avanzada/CUDA/Multiplicacion_matrices/Jewel_Legends_CPU/Jewel_Legends_CPU/kernel.cu(274): warning C4244: '=' : conversion de 'int' a 'float'; posible perdida de datos
     1>C:/Users/R/Documents/Ampliacion_Programacion_Avanzada/CUDA/Multiplicacion_matrices/Jewel_Legends_CPU/Jewel_Legends_CPU/kernel.cu(278): warning C4244: '=' : conversion de 'int' a 'float'; posible perdida de datos
     1>C:/Users/R/Documents/Ampliacion_Programacion_Avanzada/CUDA/Multiplicacion_matrices/Jewel_Legends_CPU/Jewel_Legends_CPU/kernel.cu(279): warning C4244: '=' : conversion de 'int' a 'float'; posible perdida de datos
     1>C:/Users/R/Documents/Ampliacion_Programacion_Avanzada/CUDA/Multiplicacion_matrices/Jewel_Legends_CPU/Jewel_Legends_CPU/kernel.cu(283): warning C4244: '=' : conversion de 'int' a 'float'; posible perdida de datos
     1>C:/Users/R/Documents/Ampliacion_Programacion_Avanzada/CUDA/Multiplicacion_matrices/Jewel_Legends_CPU/Jewel_Legends_CPU/kernel.cu(284): warning C4244: '=' : conversion de 'int' a 'float'; posible perdida de datos
     1>C:/Users/R/Documents/Ampliacion_Programacion_Avanzada/CUDA/Multiplicacion_matrices/Jewel_Legends_CPU/Jewel_Legends_CPU/kernel.cu(322): warning C4244: '=' : conversion de 'float' a 'int'; posible perdida de datos
     1>C:/Users/R/Documents/Ampliacion_Programacion_Avanzada/CUDA/Multiplicacion_matrices/Jewel_Legends_CPU/Jewel_Legends_CPU/kernel.cu(325): warning C4244: '=' : conversion de 'int' a 'float'; posible perdida de datos
     1>C:/Users/R/Documents/Ampliacion_Programacion_Avanzada/CUDA/Multiplicacion_matrices/Jewel_Legends_CPU/Jewel_Legends_CPU/kernel.cu(363): warning C4244: '=' : conversion de 'int' a 'float'; posible perdida de datos
     1>C:/Users/R/Documents/Ampliacion_Programacion_Avanzada/CUDA/Multiplicacion_matrices/Jewel_Legends_CPU/Jewel_Legends_CPU/kernel.cu(384): warning C4244: '=' : conversion de 'float' a 'int'; posible perdida de datos
     1>C:/Users/R/Documents/Ampliacion_Programacion_Avanzada/CUDA/Multiplicacion_matrices/Jewel_Legends_CPU/Jewel_Legends_CPU/kernel.cu(393): warning C4244: '=' : conversion de 'int' a 'float'; posible perdida de datos
     1>C:/Users/R/Documents/Ampliacion_Programacion_Avanzada/CUDA/Multiplicacion_matrices/Jewel_Legends_CPU/Jewel_Legends_CPU/kernel.cu(394): warning C4244: '=' : conversion de 'int' a 'float'; posible perdida de datos
     1>C:/Users/R/Documents/Ampliacion_Programacion_Avanzada/CUDA/Multiplicacion_matrices/Jewel_Legends_CPU/Jewel_Legends_CPU/kernel.cu(399): warning C4244: '=' : conversion de 'int' a 'float'; posible perdida de datos
     1>C:/Users/R/Documents/Ampliacion_Programacion_Avanzada/CUDA/Multiplicacion_matrices/Jewel_Legends_CPU/Jewel_Legends_CPU/kernel.cu(400): warning C4244: '=' : conversion de 'int' a 'float'; posible perdida de datos
     1>C:/Users/R/Documents/Ampliacion_Programacion_Avanzada/CUDA/Multiplicacion_matrices/Jewel_Legends_CPU/Jewel_Legends_CPU/kernel.cu(510): warning C4244: '=' : conversion de 'int' a 'float'; posible perdida de datos
     1>C:/Users/R/Documents/Ampliacion_Programacion_Avanzada/CUDA/Multiplicacion_matrices/Jewel_Legends_CPU/Jewel_Legends_CPU/kernel.cu(524): warning C4244: '=' : conversion de 'int' a 'float'; posible perdida de datos
       Link:
         C:\Program Files (x86)\Microsoft Visual Studio 10.0\VC\bin\link.exe /ERRORREPORT:PROMPT /OUT:"C:\Users\R\Documents\Ampliacion_Programacion_Avanzada\CUDA\Multiplicacion_matrices\Jewel_Legends_CPU\Debug\Jewel_Legends_CPU.exe" /INCREMENTAL:NO /NOLOGO /LIBPATH:"C:\Program Files\NVIDIA GPU Computing Toolkit\CUDA\v5.0\lib\Win32" cudart.lib kernel32.lib user32.lib gdi32.lib winspool.lib comdlg32.lib advapi32.lib shell32.lib ole32.lib oleaut32.lib uuid.lib odbc32.lib odbccp32.lib kernel32.lib user32.lib gdi32.lib winspool.lib comdlg32.lib advapi32.lib shell32.lib ole32.lib oleaut32.lib uuid.lib odbc32.lib odbccp32.lib /MANIFEST /ManifestFile:"Debug\Jewel_Legends_CPU.exe.intermediate.manifest" /MANIFESTUAC:"level='asInvoker' uiAccess='false'" /DEBUG /PDB:"C:\Users\R\Documents\Ampliacion_Programacion_Avanzada\CUDA\Multiplicacion_matrices\Jewel_Legends_CPU\Debug\Jewel_Legends_CPU.pdb" /SUBSYSTEM:CONSOLE /TLBID:1 /DYNAMICBASE /NXCOMPAT /IMPLIB:"C:\Users\R\Documents\Ampliacion_Programacion_Avanzada\CUDA\Multiplicacion_matrices\Jewel_Legends_CPU\Debug\Jewel_Legends_CPU.lib" /MACHINE:X86 Debug\kernel.cu.obj
         Jewel_Legends_CPU.vcxproj -> C:\Users\R\Documents\Ampliacion_Programacion_Avanzada\CUDA\Multiplicacion_matrices\Jewel_Legends_CPU\Debug\Jewel_Legends_CPU.exe
       Manifest:
         C:\Program Files (x86)\Microsoft SDKs\Windows\v7.0A\bin\mt.exe /nologo /verbose /outputresource:"C:\Users\R\Documents\Ampliacion_Programacion_Avanzada\CUDA\Multiplicacion_matrices\Jewel_Legends_CPU\Debug\Jewel_Legends_CPU.exe;#1" /manifest Debug\Jewel_Legends_CPU.exe.intermediate.manifest
       PostBuildEvent:
         echo copy "C:\Program Files\NVIDIA GPU Computing Toolkit\CUDA\v5.0\bin\cudart*.dll" "C:\Users\R\Documents\Ampliacion_Programacion_Avanzada\CUDA\Multiplicacion_matrices\Jewel_Legends_CPU\Debug\"
         copy "C:\Program Files\NVIDIA GPU Computing Toolkit\CUDA\v5.0\bin\cudart*.dll" "C:\Users\R\Documents\Ampliacion_Programacion_Avanzada\CUDA\Multiplicacion_matrices\Jewel_Legends_CPU\Debug\"
         :VCEnd
         copy "C:\Program Files\NVIDIA GPU Computing Toolkit\CUDA\v5.0\bin\cudart*.dll" "C:\Users\R\Documents\Ampliacion_Programacion_Avanzada\CUDA\Multiplicacion_matrices\Jewel_Legends_CPU\Debug\"
         C:\Program Files\NVIDIA GPU Computing Toolkit\CUDA\v5.0\bin\cudart32_50_35.dll
         C:\Program Files\NVIDIA GPU Computing Toolkit\CUDA\v5.0\bin\cudart64_50_35.dll
                 2 archivo(s) copiado(s).
       FinalizeBuildStatus:
         Se eliminará el archivo "Debug\Jewel_Legends_CPU.unsuccessfulbuild".
         Aplicando tarea Touch a "Debug\Jewel_Legends_CPU.lastbuildstate".
     1>Compilación del proyecto terminada "C:\Users\R\Documents\Ampliacion_Programacion_Avanzada\CUDA\Multiplicacion_matrices\Jewel_Legends_CPU\Jewel_Legends_CPU\Jewel_Legends_CPU.vcxproj" (build destinos).

Compilación correcta.

Tiempo transcurrido 00:00:10.43
