Compilación iniciada a las 05/07/2017 17:36:14.
     1>Proyecto "C:\Users\R\Documents\Ampliacion_Programacion_Avanzada\CUDA\Multiplicacion_matrices\Jewel_Legends_CPU\Jewel_Legends_Shared\Jewel_Legends_Shared.vcxproj" en el nodo 2 (build destinos).
     1>InitializeBuildStatus:
         Se creará "Debug\Jewel_Legends_Shared.unsuccessfulbuild" porque se especificó "AlwaysCreate".
       AddCudaCompileDeps:
         C:\Program Files (x86)\Microsoft Visual Studio 10.0\VC\bin\cl.exe /E /nologo /showIncludes /TP /D__CUDACC__ /D_MBCS /I"C:\Program Files\NVIDIA GPU Computing Toolkit\CUDA\v5.0\include" /I"C:\Program Files\NVIDIA GPU Computing Toolkit\CUDA\v5.0\bin" /I"C:\Program Files\NVIDIA GPU Computing Toolkit\CUDA\v5.0\include" /I. /FIcuda_runtime.h /c C:\Users\R\Documents\Ampliacion_Programacion_Avanzada\CUDA\Multiplicacion_matrices\Jewel_Legends_CPU\Jewel_Legends_Shared\kernel.cu 
       CudaBuild:
         Compiling CUDA source file kernel.cu...
         cmd.exe /C "C:\Users\R\AppData\Local\Temp\tmp6c43b93293c04eb4bf58d947a732806f.cmd"
         "C:\Program Files\NVIDIA GPU Computing Toolkit\CUDA\v5.0\bin\nvcc.exe" -gencode=arch=compute_35,code=\"sm_35,compute_35\" --use-local-env --cl-version 2010 -ccbin "C:\Program Files (x86)\Microsoft Visual Studio 10.0\VC\bin"  -I"C:\Program Files\NVIDIA GPU Computing Toolkit\CUDA\v5.0\include" -I"C:\Program Files\NVIDIA GPU Computing Toolkit\CUDA\v5.0\include"  -G   --keep-dir "Debug" -maxrregcount=0  --machine 32 --compile  -g   -D_MBCS -Xcompiler "/EHsc /W3 /nologo /Od /Zi /RTC1 /MDd  " -o "Debug\kernel.cu.obj" "C:\Users\R\Documents\Ampliacion_Programacion_Avanzada\CUDA\Multiplicacion_matrices\Jewel_Legends_CPU\Jewel_Legends_Shared\kernel.cu"
         
         C:\Users\R\Documents\Ampliacion_Programacion_Avanzada\CUDA\Multiplicacion_matrices\Jewel_Legends_CPU\Jewel_Legends_Shared>"C:\Program Files\NVIDIA GPU Computing Toolkit\CUDA\v5.0\bin\nvcc.exe" -gencode=arch=compute_35,code=\"sm_35,compute_35\" --use-local-env --cl-version 2010 -ccbin "C:\Program Files (x86)\Microsoft Visual Studio 10.0\VC\bin"  -I"C:\Program Files\NVIDIA GPU Computing Toolkit\CUDA\v5.0\include" -I"C:\Program Files\NVIDIA GPU Computing Toolkit\CUDA\v5.0\include"  -G   --keep-dir "Debug" -maxrregcount=0  --machine 32 --compile  -g   -D_MBCS -Xcompiler "/EHsc /W3 /nologo /Od /Zi /RTC1 /MDd  " -o "Debug\kernel.cu.obj" "C:\Users\R\Documents\Ampliacion_Programacion_Avanzada\CUDA\Multiplicacion_matrices\Jewel_Legends_CPU\Jewel_Legends_Shared\kernel.cu" 
         kernel.cu
     1>c:\program files\nvidia gpu computing toolkit\cuda\v5.0\include\math_functions.h : warning C4819: El archivo contiene un caracter que no se puede representar en la pagina de codigos actual (932). Guarde el archivo con formato Unicode para evitar la perdida de datos
     1>c:\program files\nvidia gpu computing toolkit\cuda\v5.0\include\math_functions.h(876): warning C4819: El archivo contiene un caracter que no se puede representar en la pagina de codigos actual (932). Guarde el archivo con formato Unicode para evitar la perdida de datos
     1>c:\program files\nvidia gpu computing toolkit\cuda\v5.0\include\math_functions.h(1846): warning C4819: El archivo contiene un caracter que no se puede representar en la pagina de codigos actual (932). Guarde el archivo con formato Unicode para evitar la perdida de datos
     1>c:\program files\nvidia gpu computing toolkit\cuda\v5.0\include\math_functions.h(2750): warning C4819: El archivo contiene un caracter que no se puede representar en la pagina de codigos actual (932). Guarde el archivo con formato Unicode para evitar la perdida de datos
     1>c:\program files\nvidia gpu computing toolkit\cuda\v5.0\include\math_functions.h(3698): warning C4819: El archivo contiene un caracter que no se puede representar en la pagina de codigos actual (932). Guarde el archivo con formato Unicode para evitar la perdida de datos
     1>c:\program files\nvidia gpu computing toolkit\cuda\v5.0\include\math_functions.h(4608): warning C4819: El archivo contiene un caracter que no se puede representar en la pagina de codigos actual (932). Guarde el archivo con formato Unicode para evitar la perdida de datos
     1>c:\program files\nvidia gpu computing toolkit\cuda\v5.0\include\math_functions.h(5503): warning C4819: El archivo contiene un caracter que no se puede representar en la pagina de codigos actual (932). Guarde el archivo con formato Unicode para evitar la perdida de datos
     1>c:\program files\nvidia gpu computing toolkit\cuda\v5.0\include\math_functions.h(6405): warning C4819: El archivo contiene un caracter que no se puede representar en la pagina de codigos actual (932). Guarde el archivo con formato Unicode para evitar la perdida de datos
     1>c:\program files\nvidia gpu computing toolkit\cuda\v5.0\include\math_functions.h(7317): warning C4819: El archivo contiene un caracter que no se puede representar en la pagina de codigos actual (932). Guarde el archivo con formato Unicode para evitar la perdida de datos
     1>c:\program files\nvidia gpu computing toolkit\cuda\v5.0\include\device_functions.h : warning C4819: El archivo contiene un caracter que no se puede representar en la pagina de codigos actual (932). Guarde el archivo con formato Unicode para evitar la perdida de datos
     1>c:\program files\nvidia gpu computing toolkit\cuda\v5.0\include\device_functions.h(783): warning C4819: El archivo contiene un caracter que no se puede representar en la pagina de codigos actual (932). Guarde el archivo con formato Unicode para evitar la perdida de datos
     1>c:\program files\nvidia gpu computing toolkit\cuda\v5.0\include\device_functions.h(1662): warning C4819: El archivo contiene un caracter que no se puede representar en la pagina de codigos actual (932). Guarde el archivo con formato Unicode para evitar la perdida de datos
     1>c:\program files\nvidia gpu computing toolkit\cuda\v5.0\include\sm_13_double_functions.h : warning C4819: El archivo contiene un caracter que no se puede representar en la pagina de codigos actual (932). Guarde el archivo con formato Unicode para evitar la perdida de datos
         tmpxft_000018a0_00000000-2_kernel.cudafe1.gpu
     1>c:\program files\nvidia gpu computing toolkit\cuda\v5.0\include\math_functions.h : warning C4819: El archivo contiene un caracter que no se puede representar en la pagina de codigos actual (932). Guarde el archivo con formato Unicode para evitar la perdida de datos
     1>c:\program files\nvidia gpu computing toolkit\cuda\v5.0\include\math_functions.h(876): warning C4819: El archivo contiene un caracter que no se puede representar en la pagina de codigos actual (932). Guarde el archivo con formato Unicode para evitar la perdida de datos
     1>c:\program files\nvidia gpu computing toolkit\cuda\v5.0\include\math_functions.h(1846): warning C4819: El archivo contiene un caracter que no se puede representar en la pagina de codigos actual (932). Guarde el archivo con formato Unicode para evitar la perdida de datos
     1>c:\program files\nvidia gpu computing toolkit\cuda\v5.0\include\math_functions.h(2750): warning C4819: El archivo contiene un caracter que no se puede representar en la pagina de codigos actual (932). Guarde el archivo con formato Unicode para evitar la perdida de datos
     1>c:\program files\nvidia gpu computing toolkit\cuda\v5.0\include\math_functions.h(3698): warning C4819: El archivo contiene un caracter que no se puede representar en la pagina de codigos actual (932). Guarde el archivo con formato Unicode para evitar la perdida de datos
     1>c:\program files\nvidia gpu computing toolkit\cuda\v5.0\include\math_functions.h(4608): warning C4819: El archivo contiene un caracter que no se puede representar en la pagina de codigos actual (932). Guarde el archivo con formato Unicode para evitar la perdida de datos
     1>c:\program files\nvidia gpu computing toolkit\cuda\v5.0\include\math_functions.h(5503): warning C4819: El archivo contiene un caracter que no se puede representar en la pagina de codigos actual (932). Guarde el archivo con formato Unicode para evitar la perdida de datos
     1>c:\program files\nvidia gpu computing toolkit\cuda\v5.0\include\math_functions.h(6405): warning C4819: El archivo contiene un caracter que no se puede representar en la pagina de codigos actual (932). Guarde el archivo con formato Unicode para evitar la perdida de datos
     1>c:\program files\nvidia gpu computing toolkit\cuda\v5.0\include\math_functions.h(7317): warning C4819: El archivo contiene un caracter que no se puede representar en la pagina de codigos actual (932). Guarde el archivo con formato Unicode para evitar la perdida de datos
         tmpxft_000018a0_00000000-7_kernel.cudafe2.gpu
     1>c:\program files\nvidia gpu computing toolkit\cuda\v5.0\include\math_functions.h : warning C4819: El archivo contiene un caracter que no se puede representar en la pagina de codigos actual (932). Guarde el archivo con formato Unicode para evitar la perdida de datos
     1>c:\program files\nvidia gpu computing toolkit\cuda\v5.0\include\math_functions.h(876): warning C4819: El archivo contiene un caracter que no se puede representar en la pagina de codigos actual (932). Guarde el archivo con formato Unicode para evitar la perdida de datos
     1>c:\program files\nvidia gpu computing toolkit\cuda\v5.0\include\math_functions.h(1846): warning C4819: El archivo contiene un caracter que no se puede representar en la pagina de codigos actual (932). Guarde el archivo con formato Unicode para evitar la perdida de datos
     1>c:\program files\nvidia gpu computing toolkit\cuda\v5.0\include\math_functions.h(2750): warning C4819: El archivo contiene un caracter que no se puede representar en la pagina de codigos actual (932). Guarde el archivo con formato Unicode para evitar la perdida de datos
     1>c:\program files\nvidia gpu computing toolkit\cuda\v5.0\include\math_functions.h(3698): warning C4819: El archivo contiene un caracter que no se puede representar en la pagina de codigos actual (932). Guarde el archivo con formato Unicode para evitar la perdida de datos
     1>c:\program files\nvidia gpu computing toolkit\cuda\v5.0\include\math_functions.h(4608): warning C4819: El archivo contiene un caracter que no se puede representar en la pagina de codigos actual (932). Guarde el archivo con formato Unicode para evitar la perdida de datos
     1>c:\program files\nvidia gpu computing toolkit\cuda\v5.0\include\math_functions.h(5503): warning C4819: El archivo contiene un caracter que no se puede representar en la pagina de codigos actual (932). Guarde el archivo con formato Unicode para evitar la perdida de datos
     1>c:\program files\nvidia gpu computing toolkit\cuda\v5.0\include\math_functions.h(6405): warning C4819: El archivo contiene un caracter que no se puede representar en la pagina de codigos actual (932). Guarde el archivo con formato Unicode para evitar la perdida de datos
     1>c:\program files\nvidia gpu computing toolkit\cuda\v5.0\include\math_functions.h(7317): warning C4819: El archivo contiene un caracter que no se puede representar en la pagina de codigos actual (932). Guarde el archivo con formato Unicode para evitar la perdida de datos
     1>c:\program files\nvidia gpu computing toolkit\cuda\v5.0\include\device_functions.h : warning C4819: El archivo contiene un caracter que no se puede representar en la pagina de codigos actual (932). Guarde el archivo con formato Unicode para evitar la perdida de datos
     1>c:\program files\nvidia gpu computing toolkit\cuda\v5.0\include\device_functions.h(783): warning C4819: El archivo contiene un caracter que no se puede representar en la pagina de codigos actual (932). Guarde el archivo con formato Unicode para evitar la perdida de datos
     1>c:\program files\nvidia gpu computing toolkit\cuda\v5.0\include\device_functions.h(1662): warning C4819: El archivo contiene un caracter que no se puede representar en la pagina de codigos actual (932). Guarde el archivo con formato Unicode para evitar la perdida de datos
     1>c:\program files\nvidia gpu computing toolkit\cuda\v5.0\include\sm_13_double_functions.h : warning C4819: El archivo contiene un caracter que no se puede representar en la pagina de codigos actual (932). Guarde el archivo con formato Unicode para evitar la perdida de datos
         kernel.cu
     1>c:\program files\nvidia gpu computing toolkit\cuda\v5.0\include\math_functions.h : warning C4819: El archivo contiene un caracter que no se puede representar en la pagina de codigos actual (932). Guarde el archivo con formato Unicode para evitar la perdida de datos
     1>c:\program files\nvidia gpu computing toolkit\cuda\v5.0\include\math_functions.h(876): warning C4819: El archivo contiene un caracter que no se puede representar en la pagina de codigos actual (932). Guarde el archivo con formato Unicode para evitar la perdida de datos
     1>c:\program files\nvidia gpu computing toolkit\cuda\v5.0\include\math_functions.h(1846): warning C4819: El archivo contiene un caracter que no se puede representar en la pagina de codigos actual (932). Guarde el archivo con formato Unicode para evitar la perdida de datos
     1>c:\program files\nvidia gpu computing toolkit\cuda\v5.0\include\math_functions.h(2750): warning C4819: El archivo contiene un caracter que no se puede representar en la pagina de codigos actual (932). Guarde el archivo con formato Unicode para evitar la perdida de datos
     1>c:\program files\nvidia gpu computing toolkit\cuda\v5.0\include\math_functions.h(3698): warning C4819: El archivo contiene un caracter que no se puede representar en la pagina de codigos actual (932). Guarde el archivo con formato Unicode para evitar la perdida de datos
     1>c:\program files\nvidia gpu computing toolkit\cuda\v5.0\include\math_functions.h(4608): warning C4819: El archivo contiene un caracter que no se puede representar en la pagina de codigos actual (932). Guarde el archivo con formato Unicode para evitar la perdida de datos
     1>c:\program files\nvidia gpu computing toolkit\cuda\v5.0\include\math_functions.h(5503): warning C4819: El archivo contiene un caracter que no se puede representar en la pagina de codigos actual (932). Guarde el archivo con formato Unicode para evitar la perdida de datos
     1>c:\program files\nvidia gpu computing toolkit\cuda\v5.0\include\math_functions.h(6405): warning C4819: El archivo contiene un caracter que no se puede representar en la pagina de codigos actual (932). Guarde el archivo con formato Unicode para evitar la perdida de datos
     1>c:\program files\nvidia gpu computing toolkit\cuda\v5.0\include\math_functions.h(7317): warning C4819: El archivo contiene un caracter que no se puede representar en la pagina de codigos actual (932). Guarde el archivo con formato Unicode para evitar la perdida de datos
     1>c:\program files\nvidia gpu computing toolkit\cuda\v5.0\include\device_functions.h : warning C4819: El archivo contiene un caracter que no se puede representar en la pagina de codigos actual (932). Guarde el archivo con formato Unicode para evitar la perdida de datos
     1>c:\program files\nvidia gpu computing toolkit\cuda\v5.0\include\device_functions.h(783): warning C4819: El archivo contiene un caracter que no se puede representar en la pagina de codigos actual (932). Guarde el archivo con formato Unicode para evitar la perdida de datos
     1>c:\program files\nvidia gpu computing toolkit\cuda\v5.0\include\device_functions.h(1662): warning C4819: El archivo contiene un caracter que no se puede representar en la pagina de codigos actual (932). Guarde el archivo con formato Unicode para evitar la perdida de datos
     1>c:\program files\nvidia gpu computing toolkit\cuda\v5.0\include\sm_13_double_functions.h : warning C4819: El archivo contiene un caracter que no se puede representar en la pagina de codigos actual (932). Guarde el archivo con formato Unicode para evitar la perdida de datos
     1>ptxas : fatal error : Unresolved extern function 'cudaGetParameterBuffer'
     1>C:\Program Files (x86)\MSBuild\Microsoft.Cpp\v4.0\BuildCustomizations\CUDA 5.0.targets(592,9): error MSB3721: El comando ""C:\Program Files\NVIDIA GPU Computing Toolkit\CUDA\v5.0\bin\nvcc.exe" -gencode=arch=compute_35,code=\"sm_35,compute_35\" --use-local-env --cl-version 2010 -ccbin "C:\Program Files (x86)\Microsoft Visual Studio 10.0\VC\bin"  -I"C:\Program Files\NVIDIA GPU Computing Toolkit\CUDA\v5.0\include" -I"C:\Program Files\NVIDIA GPU Computing Toolkit\CUDA\v5.0\include"  -G   --keep-dir "Debug" -maxrregcount=0  --machine 32 --compile  -g   -D_MBCS -Xcompiler "/EHsc /W3 /nologo /Od /Zi /RTC1 /MDd  " -o "Debug\kernel.cu.obj" "C:\Users\R\Documents\Ampliacion_Programacion_Avanzada\CUDA\Multiplicacion_matrices\Jewel_Legends_CPU\Jewel_Legends_Shared\kernel.cu"" salió con el código -1.
     1>Compilación del proyecto terminada "C:\Users\R\Documents\Ampliacion_Programacion_Avanzada\CUDA\Multiplicacion_matrices\Jewel_Legends_CPU\Jewel_Legends_Shared\Jewel_Legends_Shared.vcxproj" (build destinos) -- ERROR.

ERROR al compilar.

Tiempo transcurrido 00:00:05.07
